CRITICAL - 2025-05-17 05:58:38 --> Context must be set before run() is called. If you are upgrading from 4.1.x, you need to merge `public/index.php` and `spark` file from `vendor/codeigniter4/framework`.
in SYSTEMPATH\CodeIgniter.php on line 308.
 1 FCPATH\index.php(30): CodeIgniter\CodeIgniter->run()
 2 SYSTEMPATH\Commands\Server\rewrite.php(43): require_once('FCPATH\\index.php')
CRITICAL - 2025-05-17 05:58:47 --> Context must be set before run() is called. If you are upgrading from 4.1.x, you need to merge `public/index.php` and `spark` file from `vendor/codeigniter4/framework`.
in SYSTEMPATH\CodeIgniter.php on line 308.
 1 FCPATH\index.php(30): CodeIgniter\CodeIgniter->run()
 2 SYSTEMPATH\Commands\Server\rewrite.php(43): require_once('FCPATH\\index.php')
CRITICAL - 2025-05-17 06:07:19 --> Context must be set before run() is called. If you are upgrading from 4.1.x, you need to merge `public/index.php` and `spark` file from `vendor/codeigniter4/framework`.
in SYSTEMPATH\CodeIgniter.php on line 308.
 1 FCPATH\index.php(30): CodeIgniter\CodeIgniter->run()
 2 SYSTEMPATH\Commands\Server\rewrite.php(43): require_once('FCPATH\\index.php')
CRITICAL - 2025-05-17 06:09:09 --> Context must be set before run() is called. If you are upgrading from 4.1.x, you need to merge `public/index.php` and `spark` file from `vendor/codeigniter4/framework`.
in SYSTEMPATH\CodeIgniter.php on line 308.
 1 FCPATH\index.php(30): CodeIgniter\CodeIgniter->run()
 2 SYSTEMPATH\Commands\Server\rewrite.php(43): require_once('FCPATH\\index.php')
CRITICAL - 2025-05-17 06:33:56 --> Creation of dynamic property App\Controllers\Blog::$session is deprecated
in APPPATH\Controllers\Blog.php on line 15.
 1 APPPATH\Controllers\Blog.php(15): CodeIgniter\Debug\Exceptions->errorHandler(8192, 'Creation of dynamic property App\\Controllers\\Blog::$session is deprecated', 'APPPATH\\Controllers\\Blog.php', 15)
 2 SYSTEMPATH\CodeIgniter.php(858): App\Controllers\Blog->__construct()
 3 SYSTEMPATH\CodeIgniter.php(457): CodeIgniter\CodeIgniter->createController()
 4 SYSTEMPATH\CodeIgniter.php(349): CodeIgniter\CodeIgniter->handleRequest(null, Object(Config\Cache), false)
 5 FCPATH\index.php(55): CodeIgniter\CodeIgniter->run()
CRITICAL - 2025-05-17 06:50:32 --> Creation of dynamic property App\Controllers\Main::$session is deprecated
in APPPATH\Controllers\Main.php on line 14.
 1 APPPATH\Controllers\Main.php(14): CodeIgniter\Debug\Exceptions->errorHandler(8192, 'Creation of dynamic property App\\Controllers\\Main::$session is deprecated', 'APPPATH\\Controllers\\Main.php', 14)
 2 SYSTEMPATH\CodeIgniter.php(858): App\Controllers\Main->__construct()
 3 SYSTEMPATH\CodeIgniter.php(457): CodeIgniter\CodeIgniter->createController()
 4 SYSTEMPATH\CodeIgniter.php(349): CodeIgniter\CodeIgniter->handleRequest(null, Object(Config\Cache), false)
 5 FCPATH\index.php(55): CodeIgniter\CodeIgniter->run()
CRITICAL - 2025-05-17 08:53:41 --> Creation of dynamic property App\Controllers\Auth::$data is deprecated
in APPPATH\Controllers\Auth.php on line 110.
 1 APPPATH\Controllers\Auth.php(110): CodeIgniter\Debug\Exceptions->errorHandler(8192, 'Creation of dynamic property App\\Controllers\\Auth::$data is deprecated', 'APPPATH\\Controllers\\Auth.php', 110)
 2 SYSTEMPATH\CodeIgniter.php(896): App\Controllers\Auth->update_user()
 3 SYSTEMPATH\CodeIgniter.php(466): CodeIgniter\CodeIgniter->runController(Object(App\Controllers\Auth))
 4 SYSTEMPATH\CodeIgniter.php(349): CodeIgniter\CodeIgniter->handleRequest(null, Object(Config\Cache), false)
 5 FCPATH\index.php(55): CodeIgniter\CodeIgniter->run()
ERROR - 2025-05-17 09:49:09 --> Error connecting to the database: A connection attempt failed because the connected party did not properly respond after a period of time, or established connection failed because connected host has failed to respond
CRITICAL - 2025-05-17 09:49:09 --> Unable to connect to the database.
Main connection [MySQLi]: A connection attempt failed because the connected party did not properly respond after a period of time, or established connection failed because connected host has failed to respond
in SYSTEMPATH\Database\BaseConnection.php on line 416.
 1 SYSTEMPATH\Database\BaseConnection.php(586): CodeIgniter\Database\BaseConnection->initialize()
 2 SYSTEMPATH\Database\BaseBuilder.php(1585): CodeIgniter\Database\BaseConnection->query('SELECT `id`, `name`
FROM `categories`
ORDER BY `name` ASC
 LIMIT 3', [], false)
 3 SYSTEMPATH\Model.php(184): CodeIgniter\Database\BaseBuilder->get()
 4 SYSTEMPATH\BaseModel.php(523): CodeIgniter\Model->doFind(false, null)
 5 APPPATH\Controllers\Blog.php(28): CodeIgniter\BaseModel->find()
 6 SYSTEMPATH\CodeIgniter.php(858): App\Controllers\Blog->__construct()
 7 SYSTEMPATH\CodeIgniter.php(457): CodeIgniter\CodeIgniter->createController()
 8 SYSTEMPATH\CodeIgniter.php(349): CodeIgniter\CodeIgniter->handleRequest(null, Object(Config\Cache), false)
 9 FCPATH\index.php(55): CodeIgniter\CodeIgniter->run()
